20120910.1621.14  Info  main           Marble MUD v0.1.0
20120910.1621.14  Info  main           (C) 2012 Ben Cherrington
20120910.1621.14  Info  main           http://www.Cocanuta.com
20120910.1621.14  Info  HOST0          Disabled subsystems: COMMAND_POSE
20120910.1621.14  Info  MUD@5555       MUD Server started on port: 5555
java.lang.ClassNotFoundException: com.mysql.jdbc.Driver
	at java.net.URLClassLoader$1.run(Unknown Source)
	at java.net.URLClassLoader$1.run(Unknown Source)
	at java.security.AccessController.doPrivileged(Native Method)
	at java.net.URLClassLoader.findClass(Unknown Source)
	at java.lang.ClassLoader.loadClass(Unknown Source)
	at sun.misc.Launcher$AppClassLoader.loadClass(Unknown Source)
	at java.lang.ClassLoader.loadClass(Unknown Source)
	at java.lang.Class.forName0(Native Method)
	at java.lang.Class.forName(Unknown Source)
	at com.planet_ink.marble_mud.core.database.DBConnection.<init>(DBConnection.java:104)
	at com.planet_ink.marble_mud.core.database.DBConnections.DBFetchAny(DBConnections.java:335)
	at com.planet_ink.marble_mud.core.database.DBConnections.DBFetch(DBConnections.java:306)
	at com.planet_ink.marble_mud.core.database.DBConnector.DBFetch(DBConnector.java:152)
	at com.planet_ink.marble_mud.application.MUD.initHost(MUD.java:204)
	at com.planet_ink.marble_mud.application.MUD$HostGroup.run(MUD.java:1279)
20120910.1621.14  Error DBConnections  No suitable driver found for jdbc:mysql://localhost:3306/marblemud
java.sql.SQLException: No suitable driver found for jdbc:mysql://localhost:3306/marblemud
	at java.sql.DriverManager.getConnection(Unknown Source)
	at java.sql.DriverManager.getConnection(Unknown Source)
	at com.planet_ink.marble_mud.core.database.DBConnection.<init>(DBConnection.java:119)
	at com.planet_ink.marble_mud.core.database.DBConnections.DBFetchAny(DBConnections.java:335)
	at com.planet_ink.marble_mud.core.database.DBConnections.DBFetch(DBConnections.java:306)
	at com.planet_ink.marble_mud.core.database.DBConnector.DBFetch(DBConnector.java:152)
	at com.planet_ink.marble_mud.application.MUD.initHost(MUD.java:204)
	at com.planet_ink.marble_mud.application.MUD$HostGroup.run(MUD.java:1279)
20120910.1621.14  Error HOST0          Fatal database error: <BR>#101 DBCONNECTIONS REPORTING A DISCONNECTED STATE<BR>Connections in use=0/0
20120910.1621.14  Info  Thread-0       New Connections are now closed
20120910.1621.14  Info  Thread-0       All users saved.
20120910.1621.14  Info  Thread-0       Stats saved.
20120910.1621.14  Info  Thread-0       Notifying all objects of shutdown...
Exception in thread "Thread-0" java.lang.NullPointerException
	at com.planet_ink.marble_mud.core.CMClass.getMsg(CMClass.java:2277)
	at com.planet_ink.marble_mud.application.MUD.globalShutdown(MUD.java:739)
	at com.planet_ink.marble_mud.application.MUD$HostGroup$1.run(MUD.java:1275)
